<?xml version="1.0" encoding="UTF-8"?>
<!-- Generated by org.testng.reporters.JUnitXMLReporter -->
<testsuite ignored="12" hostname="BAKRGOUTH" failures="0" tests="3" name="Test1_Test2_Test3" time="22.681" errors="0" timestamp="2025-01-30T10:54:51 IST">
  <testcase classname="com.tecnotree.automatiom.File.Upload.Service.Test_001_BDC_PElab_3" name="JSON" time="4.346"/>
  <testcase classname="com.tecnotree.automatiom.File.Upload.Service.Test_001_BDC_PElab_3" name="SQl" time="4.258"/>
  <testcase classname="com.tecnotree.automatiom.File.Upload.Service.Test_001_BDC_PElab_3" name="TAR" time="9.65"/>
  <testcase classname="com.tecnotree.automatiom.File.Upload.Service.Test_001_BDC_PElab_3" name="YMAL" time="0.0">
    <ignored/>
  </testcase> <!-- YMAL -->
  <testcase classname="com.tecnotree.automatiom.File.Upload.Service.Test_001_BDC_PElab_3" name="XLX" time="0.0">
    <ignored/>
  </testcase> <!-- XLX -->
  <testcase classname="com.tecnotree.automatiom.File.Upload.Service.Test_001_BDC_PElab_3" name="SevenZFile" time="0.0">
    <ignored/>
  </testcase> <!-- SevenZFile -->
  <testcase classname="com.tecnotree.automatiom.File.Upload.Service.Test_001_BDC_PElab_3" name="JPG" time="0.0">
    <ignored/>
  </testcase> <!-- JPG -->
  <testcase classname="com.tecnotree.automatiom.File.Upload.Service.Test_001_BDC_PElab_3" name="ZIP" time="0.0">
    <ignored/>
  </testcase> <!-- ZIP -->
  <testcase classname="com.tecnotree.automatiom.File.Upload.Service.Test_001_BDC_PElab_3" name="CSV" time="0.0">
    <ignored/>
  </testcase> <!-- CSV -->
  <testcase classname="com.tecnotree.automatiom.File.Upload.Service.Test_001_BDC_PElab_3" name="TXT" time="0.0">
    <ignored/>
  </testcase> <!-- TXT -->
  <testcase classname="com.tecnotree.automatiom.File.Upload.Service.Test_001_BDC_PElab_3" name="BPMN" time="0.0">
    <ignored/>
  </testcase> <!-- BPMN -->
  <testcase classname="com.tecnotree.automatiom.File.Upload.Service.Test_001_BDC_PElab_3" name="PNG" time="0.0">
    <ignored/>
  </testcase> <!-- PNG -->
  <testcase classname="com.tecnotree.automatiom.File.Upload.Service.Test_001_BDC_PElab_3" name="HTML" time="0.0">
    <ignored/>
  </testcase> <!-- HTML -->
  <testcase classname="com.tecnotree.automatiom.File.Upload.Service.Test_001_BDC_PElab_3" name="DMN" time="0.0">
    <ignored/>
  </testcase> <!-- DMN -->
  <testcase classname="com.tecnotree.automatiom.File.Upload.Service.Test_001_BDC_PElab_3" name="JPEG" time="0.0">
    <ignored/>
  </testcase> <!-- JPEG -->
</testsuite> <!-- Test1_Test2_Test3 -->
