<?xml version="1.0" encoding="UTF-8"?>
<!-- Generated by org.testng.reporters.JUnitXMLReporter -->
<testsuite ignored="0" hostname="BAKRGOUTH" failures="0" tests="45" name="Test8_Test9_Test10" time="212.153" errors="0" timestamp="2024-09-11T15:37:36 IST">
  <testcase classname="com.tecnotree.automatiom.File.Upload.Service.Test_008_port_22_172_SubFolder" name="BPMN" time="3.361"/>
  <testcase classname="com.tecnotree.automatiom.File.Upload.Service.Test_010_BDC_PElab_3_SubFolder" name="BPMN" time="4.792"/>
  <testcase classname="com.tecnotree.automatiom.File.Upload.Service.Test_008_port_22_172_SubFolder" name="CSV" time="3.933"/>
  <testcase classname="com.tecnotree.automatiom.File.Upload.Service.Test_010_BDC_PElab_3_SubFolder" name="CSV" time="5.005"/>
  <testcase classname="com.tecnotree.automatiom.File.Upload.Service.Test_008_port_22_172_SubFolder" name="DMN" time="3.303"/>
  <testcase classname="com.tecnotree.automatiom.File.Upload.Service.Test_009_port_22_1_SubFolder" name="BPMN" time="9.931"/>
  <testcase classname="com.tecnotree.automatiom.File.Upload.Service.Test_008_port_22_172_SubFolder" name="HTML" time="3.941"/>
  <testcase classname="com.tecnotree.automatiom.File.Upload.Service.Test_010_BDC_PElab_3_SubFolder" name="DMN" time="5.405"/>
  <testcase classname="com.tecnotree.automatiom.File.Upload.Service.Test_008_port_22_172_SubFolder" name="JPEG" time="4.011"/>
  <testcase classname="com.tecnotree.automatiom.File.Upload.Service.Test_010_BDC_PElab_3_SubFolder" name="HTML" time="5.553"/>
  <testcase classname="com.tecnotree.automatiom.File.Upload.Service.Test_008_port_22_172_SubFolder" name="JPG" time="3.699"/>
  <testcase classname="com.tecnotree.automatiom.File.Upload.Service.Test_009_port_22_1_SubFolder" name="CSV" time="9.636"/>
  <testcase classname="com.tecnotree.automatiom.File.Upload.Service.Test_008_port_22_172_SubFolder" name="JSON" time="4.474"/>
  <testcase classname="com.tecnotree.automatiom.File.Upload.Service.Test_010_BDC_PElab_3_SubFolder" name="JPEG" time="5.578"/>
  <testcase classname="com.tecnotree.automatiom.File.Upload.Service.Test_008_port_22_172_SubFolder" name="PNG" time="3.807"/>
  <testcase classname="com.tecnotree.automatiom.File.Upload.Service.Test_010_BDC_PElab_3_SubFolder" name="JPG" time="5.395"/>
  <testcase classname="com.tecnotree.automatiom.File.Upload.Service.Test_009_port_22_1_SubFolder" name="DMN" time="10.087"/>
  <testcase classname="com.tecnotree.automatiom.File.Upload.Service.Test_008_port_22_172_SubFolder" name="SQl" time="4.18"/>
  <testcase classname="com.tecnotree.automatiom.File.Upload.Service.Test_010_BDC_PElab_3_SubFolder" name="JSON" time="4.674"/>
  <testcase classname="com.tecnotree.automatiom.File.Upload.Service.Test_008_port_22_172_SubFolder" name="SevenZFile" time="3.078"/>
  <testcase classname="com.tecnotree.automatiom.File.Upload.Service.Test_008_port_22_172_SubFolder" name="TXT" time="3.133"/>
  <testcase classname="com.tecnotree.automatiom.File.Upload.Service.Test_010_BDC_PElab_3_SubFolder" name="PNG" time="5.277"/>
  <testcase classname="com.tecnotree.automatiom.File.Upload.Service.Test_009_port_22_1_SubFolder" name="HTML" time="9.294"/>
  <testcase classname="com.tecnotree.automatiom.File.Upload.Service.Test_008_port_22_172_SubFolder" name="XLX" time="2.785"/>
  <testcase classname="com.tecnotree.automatiom.File.Upload.Service.Test_008_port_22_172_SubFolder" name="YMAL" time="2.771"/>
  <testcase classname="com.tecnotree.automatiom.File.Upload.Service.Test_010_BDC_PElab_3_SubFolder" name="SQl" time="4.725"/>
  <testcase classname="com.tecnotree.automatiom.File.Upload.Service.Test_008_port_22_172_SubFolder" name="ZIP" time="3.336"/>
  <testcase classname="com.tecnotree.automatiom.File.Upload.Service.Test_010_BDC_PElab_3_SubFolder" name="SevenZFile" time="4.773"/>
  <testcase classname="com.tecnotree.automatiom.File.Upload.Service.Test_009_port_22_1_SubFolder" name="JPEG" time="9.074"/>
  <testcase classname="com.tecnotree.automatiom.File.Upload.Service.Test_010_BDC_PElab_3_SubFolder" name="TXT" time="4.459"/>
  <testcase classname="com.tecnotree.automatiom.File.Upload.Service.Test_010_BDC_PElab_3_SubFolder" name="XLX" time="5.888"/>
  <testcase classname="com.tecnotree.automatiom.File.Upload.Service.Test_008_port_22_172_SubFolder" name="tar" time="13.662"/>
  <testcase classname="com.tecnotree.automatiom.File.Upload.Service.Test_009_port_22_1_SubFolder" name="JPG" time="9.021"/>
  <testcase classname="com.tecnotree.automatiom.File.Upload.Service.Test_010_BDC_PElab_3_SubFolder" name="YMAL" time="4.05"/>
  <testcase classname="com.tecnotree.automatiom.File.Upload.Service.Test_010_BDC_PElab_3_SubFolder" name="ZIP" time="19.521"/>
  <testcase classname="com.tecnotree.automatiom.File.Upload.Service.Test_009_port_22_1_SubFolder" name="JSON" time="23.235"/>
  <testcase classname="com.tecnotree.automatiom.File.Upload.Service.Test_009_port_22_1_SubFolder" name="PNG" time="9.414"/>
  <testcase classname="com.tecnotree.automatiom.File.Upload.Service.Test_010_BDC_PElab_3_SubFolder" name="tar" time="15.833"/>
  <testcase classname="com.tecnotree.automatiom.File.Upload.Service.Test_009_port_22_1_SubFolder" name="SQl" time="22.543"/>
  <testcase classname="com.tecnotree.automatiom.File.Upload.Service.Test_009_port_22_1_SubFolder" name="SevenZFile" time="8.988"/>
  <testcase classname="com.tecnotree.automatiom.File.Upload.Service.Test_009_port_22_1_SubFolder" name="TXT" time="8.801"/>
  <testcase classname="com.tecnotree.automatiom.File.Upload.Service.Test_009_port_22_1_SubFolder" name="XLX" time="8.953"/>
  <testcase classname="com.tecnotree.automatiom.File.Upload.Service.Test_009_port_22_1_SubFolder" name="YMAL" time="8.814"/>
  <testcase classname="com.tecnotree.automatiom.File.Upload.Service.Test_009_port_22_1_SubFolder" name="ZIP" time="8.907"/>
  <testcase classname="com.tecnotree.automatiom.File.Upload.Service.Test_009_port_22_1_SubFolder" name="tar" time="14.182"/>
</testsuite> <!-- Test8_Test9_Test10 -->
