<?xml version="1.0" encoding="UTF-8"?>
<!-- Generated by org.testng.reporters.JUnitXMLReporter -->
<testsuite ignored="0" hostname="BAKRGOUTH" failures="0" tests="45" name="Test4_Test5_Test6" time="202.022" errors="0" timestamp="2024-09-11T15:34:04 IST">
  <testcase classname="com.tecnotree.automatiom.File.Upload.Service.Test_005_port_22_17_wrongPath" name="BPMN" time="2.444"/>
  <testcase classname="com.tecnotree.automatiom.File.Upload.Service.Test_004_BDC_PElab_WrongPath" name="BPMN" time="3.26"/>
  <testcase classname="com.tecnotree.automatiom.File.Upload.Service.Test_005_port_22_17_wrongPath" name="CSV" time="2.752"/>
  <testcase classname="com.tecnotree.automatiom.File.Upload.Service.Test_004_BDC_PElab_WrongPath" name="CSV" time="3.886"/>
  <testcase classname="com.tecnotree.automatiom.File.Upload.Service.Test_005_port_22_17_wrongPath" name="DMN" time="2.812"/>
  <testcase classname="com.tecnotree.automatiom.File.Upload.Service.Test_006_port_22_1_wrongPath" name="BPMN" time="9.503"/>
  <testcase classname="com.tecnotree.automatiom.File.Upload.Service.Test_005_port_22_17_wrongPath" name="HTML" time="2.429"/>
  <testcase classname="com.tecnotree.automatiom.File.Upload.Service.Test_004_BDC_PElab_WrongPath" name="DMN" time="3.498"/>
  <testcase classname="com.tecnotree.automatiom.File.Upload.Service.Test_005_port_22_17_wrongPath" name="JPEG" time="2.528"/>
  <testcase classname="com.tecnotree.automatiom.File.Upload.Service.Test_004_BDC_PElab_WrongPath" name="HTML" time="3.386"/>
  <testcase classname="com.tecnotree.automatiom.File.Upload.Service.Test_005_port_22_17_wrongPath" name="JPG" time="2.498"/>
  <testcase classname="com.tecnotree.automatiom.File.Upload.Service.Test_004_BDC_PElab_WrongPath" name="JPEG" time="3.444"/>
  <testcase classname="com.tecnotree.automatiom.File.Upload.Service.Test_005_port_22_17_wrongPath" name="JSON" time="2.795"/>
  <testcase classname="com.tecnotree.automatiom.File.Upload.Service.Test_006_port_22_1_wrongPath" name="CSV" time="9.848"/>
  <testcase classname="com.tecnotree.automatiom.File.Upload.Service.Test_005_port_22_17_wrongPath" name="PNG" time="2.792"/>
  <testcase classname="com.tecnotree.automatiom.File.Upload.Service.Test_004_BDC_PElab_WrongPath" name="JPG" time="3.983"/>
  <testcase classname="com.tecnotree.automatiom.File.Upload.Service.Test_005_port_22_17_wrongPath" name="SQl" time="3.208"/>
  <testcase classname="com.tecnotree.automatiom.File.Upload.Service.Test_004_BDC_PElab_WrongPath" name="JSON" time="4.009"/>
  <testcase classname="com.tecnotree.automatiom.File.Upload.Service.Test_005_port_22_17_wrongPath" name="SevenZFile" time="2.976"/>
  <testcase classname="com.tecnotree.automatiom.File.Upload.Service.Test_005_port_22_17_wrongPath" name="TXT" time="2.463"/>
  <testcase classname="com.tecnotree.automatiom.File.Upload.Service.Test_004_BDC_PElab_WrongPath" name="PNG" time="3.308"/>
  <testcase classname="com.tecnotree.automatiom.File.Upload.Service.Test_006_port_22_1_wrongPath" name="DMN" time="10.377"/>
  <testcase classname="com.tecnotree.automatiom.File.Upload.Service.Test_005_port_22_17_wrongPath" name="XLX" time="2.777"/>
  <testcase classname="com.tecnotree.automatiom.File.Upload.Service.Test_004_BDC_PElab_WrongPath" name="SQl" time="4.542"/>
  <testcase classname="com.tecnotree.automatiom.File.Upload.Service.Test_005_port_22_17_wrongPath" name="YMAL" time="3.509"/>
  <testcase classname="com.tecnotree.automatiom.File.Upload.Service.Test_004_BDC_PElab_WrongPath" name="SevenZFile" time="3.556"/>
  <testcase classname="com.tecnotree.automatiom.File.Upload.Service.Test_005_port_22_17_wrongPath" name="ZIP" time="2.321"/>
  <testcase classname="com.tecnotree.automatiom.File.Upload.Service.Test_004_BDC_PElab_WrongPath" name="TXT" time="4.044"/>
  <testcase classname="com.tecnotree.automatiom.File.Upload.Service.Test_006_port_22_1_wrongPath" name="HTML" time="10.231"/>
  <testcase classname="com.tecnotree.automatiom.File.Upload.Service.Test_004_BDC_PElab_WrongPath" name="XLX" time="3.775"/>
  <testcase classname="com.tecnotree.automatiom.File.Upload.Service.Test_005_port_22_17_wrongPath" name="tar" time="8.825"/>
  <testcase classname="com.tecnotree.automatiom.File.Upload.Service.Test_004_BDC_PElab_WrongPath" name="YMAL" time="3.195"/>
  <testcase classname="com.tecnotree.automatiom.File.Upload.Service.Test_004_BDC_PElab_WrongPath" name="ZIP" time="3.211"/>
  <testcase classname="com.tecnotree.automatiom.File.Upload.Service.Test_006_port_22_1_wrongPath" name="JPEG" time="9.39"/>
  <testcase classname="com.tecnotree.automatiom.File.Upload.Service.Test_004_BDC_PElab_WrongPath" name="tar" time="8.964"/>
  <testcase classname="com.tecnotree.automatiom.File.Upload.Service.Test_006_port_22_1_wrongPath" name="JPG" time="9.956"/>
  <testcase classname="com.tecnotree.automatiom.File.Upload.Service.Test_006_port_22_1_wrongPath" name="JSON" time="10.489"/>
  <testcase classname="com.tecnotree.automatiom.File.Upload.Service.Test_006_port_22_1_wrongPath" name="PNG" time="9.622"/>
  <testcase classname="com.tecnotree.automatiom.File.Upload.Service.Test_006_port_22_1_wrongPath" name="SQl" time="11.169"/>
  <testcase classname="com.tecnotree.automatiom.File.Upload.Service.Test_006_port_22_1_wrongPath" name="SevenZFile" time="9.593"/>
  <testcase classname="com.tecnotree.automatiom.File.Upload.Service.Test_006_port_22_1_wrongPath" name="TXT" time="9.723"/>
  <testcase classname="com.tecnotree.automatiom.File.Upload.Service.Test_006_port_22_1_wrongPath" name="XLX" time="9.936"/>
  <testcase classname="com.tecnotree.automatiom.File.Upload.Service.Test_006_port_22_1_wrongPath" name="YMAL" time="9.94"/>
  <testcase classname="com.tecnotree.automatiom.File.Upload.Service.Test_006_port_22_1_wrongPath" name="ZIP" time="10.212"/>
  <testcase classname="com.tecnotree.automatiom.File.Upload.Service.Test_006_port_22_1_wrongPath" name="tar" time="15.053"/>
</testsuite> <!-- Test4_Test5_Test6 -->
