<?xml version="1.0" encoding="UTF-8"?>
<!-- Generated by org.testng.reporters.JUnitXMLReporter -->
<testsuite ignored="0" hostname="BAKRGOUTH" failures="1" tests="6" name="Test" time="18.128" errors="0" timestamp="2025-02-03T11:25:52 IST">
  <testcase classname="test.TEST001Test" name="test11Test" time="3.018"/>
  <testcase classname="test.TEST001Test" name="test12Test" time="3.007"/>
  <testcase classname="test.TEST001Test" name="test13Test" time="3.015">
    <skipped/>
  </testcase> <!-- test13Test -->
  <testcase classname="test.TEST001Test" name="test13Test" time="3.012">
    <skipped/>
  </testcase> <!-- test13Test -->
  <testcase classname="test.TEST001Test" name="test13Test" time="3.014">
    <skipped/>
  </testcase> <!-- test13Test -->
  <testcase classname="test.TEST001Test" name="test13Test" time="3.005">
    <failure type="java.lang.AssertionError" message="expected [true] but found [false]">
      <![CDATA[java.lang.AssertionError: expected [true] but found [false]
at test.TEST001Test.test13Test(TEST001Test.java:35)
at java.base/java.util.ArrayList.forEach(ArrayList.java:1596)
... Removed 29 stack frames]]>
    </failure>
  </testcase> <!-- test13Test -->
</testsuite> <!-- Test -->
