<?xml version="1.0" encoding="UTF-8"?>
<!-- Generated by org.testng.reporters.JUnitXMLReporter -->
<testsuite ignored="0" hostname="BAKRGOUTH" failures="0" tests="15" name="Default test" time="428.118" errors="0" timestamp="2024-07-05T14:17:35 IST">
  <testcase classname="com.tecnotree.automatiom.File.Upload.Service.Test_003_port_22_10" name="BPMN" time="21.986"/>
  <testcase classname="com.tecnotree.automatiom.File.Upload.Service.Test_003_port_22_10" name="CSV" time="21.309"/>
  <testcase classname="com.tecnotree.automatiom.File.Upload.Service.Test_003_port_22_10" name="DMN" time="21.341"/>
  <testcase classname="com.tecnotree.automatiom.File.Upload.Service.Test_003_port_22_10" name="HTML" time="24.046"/>
  <testcase classname="com.tecnotree.automatiom.File.Upload.Service.Test_003_port_22_10" name="JPEG" time="26.584"/>
  <testcase classname="com.tecnotree.automatiom.File.Upload.Service.Test_003_port_22_10" name="JPG" time="24.062"/>
  <testcase classname="com.tecnotree.automatiom.File.Upload.Service.Test_003_port_22_10" name="JSON" time="23.423"/>
  <testcase classname="com.tecnotree.automatiom.File.Upload.Service.Test_003_port_22_10" name="PNG" time="21.807"/>
  <testcase classname="com.tecnotree.automatiom.File.Upload.Service.Test_003_port_22_10" name="SQl" time="23.654"/>
  <testcase classname="com.tecnotree.automatiom.File.Upload.Service.Test_003_port_22_10" name="SevenZFile" time="21.692"/>
  <testcase classname="com.tecnotree.automatiom.File.Upload.Service.Test_003_port_22_10" name="TXT" time="21.812"/>
  <testcase classname="com.tecnotree.automatiom.File.Upload.Service.Test_003_port_22_10" name="XLX" time="20.975"/>
  <testcase classname="com.tecnotree.automatiom.File.Upload.Service.Test_003_port_22_10" name="YMAL" time="21.135"/>
  <testcase classname="com.tecnotree.automatiom.File.Upload.Service.Test_003_port_22_10" name="ZIP" time="23.518"/>
  <testcase classname="com.tecnotree.automatiom.File.Upload.Service.Test_003_port_22_10" name="tar" time="40.075"/>
</testsuite> <!-- Default test -->
